[iter]    0
[loss]    3782.4714
[trn_acc] 0.4600
[val_acc] 0.5120
[val_same_acc] 0.4880
[val_mean_acc] 0.5000

[iter]    1
[loss]    1372.2467
[trn_acc] 0.5900
[val_acc] 0.5540
[val_same_acc] 0.5320
[val_mean_acc] 0.5430

[iter]    2
[loss]    1074.9112
[trn_acc] 0.6700
[val_acc] 0.6060
[val_same_acc] 0.5720
[val_mean_acc] 0.5890

[iter]    3
[loss]    1032.3775
[trn_acc] 0.6800
[val_acc] 0.6220
[val_same_acc] 0.6140
[val_mean_acc] 0.6180

[iter]    4
[loss]    1017.1155
[trn_acc] 0.7400
[val_acc] 0.6260
[val_same_acc] 0.6100
[val_mean_acc] 0.6180

[iter]    5
[loss]    1006.8442
[trn_acc] 0.7200
[val_acc] 0.6540
[val_same_acc] 0.6460
[val_mean_acc] 0.6500

[iter]    6
[loss]    997.6729
[trn_acc] 0.6700
[val_acc] 0.6740
[val_same_acc] 0.6460
[val_mean_acc] 0.6600

[iter]    7
[loss]    976.1410
[trn_acc] 0.7100
[val_acc] 0.6900
[val_same_acc] 0.6560
[val_mean_acc] 0.6730

[iter]    8
[loss]    958.4021
[trn_acc] 0.7600
[val_acc] 0.6820
[val_same_acc] 0.6520
[val_mean_acc] 0.6670

[iter]    9
[loss]    940.4677
[trn_acc] 0.7500
[val_acc] 0.6820
[val_same_acc] 0.6520
[val_mean_acc] 0.6670

[iter]    10
[loss]    915.2205
[trn_acc] 0.6900
[val_acc] 0.6880
[val_same_acc] 0.6480
[val_mean_acc] 0.6680

[iter]    11
[loss]    889.9045
[trn_acc] 0.7300
[val_acc] 0.6940
[val_same_acc] 0.6580
[val_mean_acc] 0.6760

[iter]    12
[loss]    863.7109
[trn_acc] 0.8000
[val_acc] 0.6920
[val_same_acc] 0.6760
[val_mean_acc] 0.6840

[iter]    13
[loss]    838.4097
[trn_acc] 0.7500
[val_acc] 0.7060
[val_same_acc] 0.6640
[val_mean_acc] 0.6850

[iter]    14
[loss]    818.2198
[trn_acc] 0.5900
[val_acc] 0.6980
[val_same_acc] 0.6540
[val_mean_acc] 0.6760

[iter]    15
[loss]    789.1418
[trn_acc] 0.7900
[val_acc] 0.7120
[val_same_acc] 0.6660
[val_mean_acc] 0.6890

[iter]    16
[loss]    767.7868
[trn_acc] 0.7000
[val_acc] 0.7120
[val_same_acc] 0.6680
[val_mean_acc] 0.6900

[iter]    17
[loss]    749.5486
[trn_acc] 0.7300
[val_acc] 0.7240
[val_same_acc] 0.6800
[val_mean_acc] 0.7020

[iter]    18
[loss]    736.2894
[trn_acc] 0.7200
[val_acc] 0.7200
[val_same_acc] 0.6600
[val_mean_acc] 0.6900

[iter]    19
[loss]    725.3301
[trn_acc] 0.7100
[val_acc] 0.7200
[val_same_acc] 0.6620
[val_mean_acc] 0.6910

[iter]    20
[loss]    715.2952
[trn_acc] 0.7400
[val_acc] 0.7160
[val_same_acc] 0.6520
[val_mean_acc] 0.6840

[iter]    21
[loss]    701.6545
[trn_acc] 0.7600
[val_acc] 0.7200
[val_same_acc] 0.6720
[val_mean_acc] 0.6960

[iter]    22
[loss]    691.4330
[trn_acc] 0.7200
[val_acc] 0.7160
[val_same_acc] 0.6740
[val_mean_acc] 0.6950

[iter]    23
[loss]    679.1853
[trn_acc] 0.7100
[val_acc] 0.7140
[val_same_acc] 0.6780
[val_mean_acc] 0.6960

[iter]    24
[loss]    669.7996
[trn_acc] 0.7800
[val_acc] 0.7060
[val_same_acc] 0.6800
[val_mean_acc] 0.6930

[iter]    25
[loss]    664.3743
[trn_acc] 0.7000
[val_acc] 0.7100
[val_same_acc] 0.6780
[val_mean_acc] 0.6940

[iter]    26
[loss]    660.6218
[trn_acc] 0.7300
[val_acc] 0.7080
[val_same_acc] 0.6860
[val_mean_acc] 0.6970

[iter]    27
[loss]    646.5565
[trn_acc] 0.8000
[val_acc] 0.7080
[val_same_acc] 0.6780
[val_mean_acc] 0.6930

[FINAL val_acc] 0.7080
[FINAL tst_acc] 0.6740
[FINAL val_same_acc] 0.6780
[FINAL tst_same_acc] 0.6600
